c:\users\ivan\documents\visual studio 2015\projects\pacman\pacman\debug\vc140.pdb
c:\users\ivan\documents\visual studio 2015\projects\pacman\pacman\debug\vc140.idb
c:\users\ivan\documents\visual studio 2015\projects\pacman\pacman\debug\main.obj
c:\users\ivan\documents\visual studio 2015\projects\pacman\pacman\debug\application.obj
c:\users\ivan\documents\visual studio 2015\projects\pacman\pacman\debug\ghost.obj
c:\users\ivan\documents\visual studio 2015\projects\pacman\pacman\debug\movableobject.obj
c:\users\ivan\documents\visual studio 2015\projects\pacman\pacman\debug\pacman.obj
c:\users\ivan\documents\visual studio 2015\projects\pacman\pacman\debug\playground.obj
c:\users\ivan\documents\visual studio 2015\projects\pacman\pacman\debug\scoreboard.obj
c:\users\ivan\documents\visual studio 2015\projects\pacman\pacman\debug\fontsmanager.obj
c:\users\ivan\documents\visual studio 2015\projects\pacman\pacman\debug\modelsmanager.obj
c:\users\ivan\documents\visual studio 2015\projects\pacman\pacman\debug\shadersmanager.obj
c:\users\ivan\documents\visual studio 2015\projects\pacman\pacman\debug\mathutils.obj
c:\users\ivan\documents\visual studio 2015\projects\pacman\pacman\debug\basicdrawableobject.obj
c:\users\ivan\documents\visual studio 2015\projects\pacman\pacman\debug\letter.obj
c:\users\ivan\documents\visual studio 2015\projects\pacman\pacman\debug\model.obj
c:\users\ivan\documents\visual studio 2015\projects\pacman\pacman\debug\texturedrawableobject.obj
c:\users\ivan\documents\visual studio 2015\projects\pacman\debug\pacman.ilk
c:\users\ivan\documents\visual studio 2015\projects\pacman\debug\pacman.exe
c:\users\ivan\documents\visual studio 2015\projects\pacman\debug\pacman.pdb
c:\users\ivan\documents\visual studio 2015\projects\pacman\pacman\debug\pacman.tlog\cl.command.1.tlog
c:\users\ivan\documents\visual studio 2015\projects\pacman\pacman\debug\pacman.tlog\cl.read.1.tlog
c:\users\ivan\documents\visual studio 2015\projects\pacman\pacman\debug\pacman.tlog\cl.write.1.tlog
c:\users\ivan\documents\visual studio 2015\projects\pacman\pacman\debug\pacman.tlog\link.command.1.tlog
c:\users\ivan\documents\visual studio 2015\projects\pacman\pacman\debug\pacman.tlog\link.read.1.tlog
c:\users\ivan\documents\visual studio 2015\projects\pacman\pacman\debug\pacman.tlog\link.write.1.tlog
