d:\game releases\pacman\pacman\pacman\release\vc140.pdb
d:\game releases\pacman\pacman\pacman\release\mathutils.obj
d:\game releases\pacman\pacman\pacman\release\application.obj
d:\game releases\pacman\pacman\pacman\release\main.obj
d:\game releases\pacman\pacman\pacman\release\texturedrawableobject.obj
d:\game releases\pacman\pacman\pacman\release\model.obj
d:\game releases\pacman\pacman\pacman\release\letter.obj
d:\game releases\pacman\pacman\pacman\release\basicdrawableobject.obj
d:\game releases\pacman\pacman\pacman\release\shadersmanager.obj
d:\game releases\pacman\pacman\pacman\release\modelsmanager.obj
d:\game releases\pacman\pacman\pacman\release\fontsmanager.obj
d:\game releases\pacman\pacman\pacman\release\scoreboard.obj
d:\game releases\pacman\pacman\pacman\release\playground.obj
d:\game releases\pacman\pacman\pacman\release\pacman.obj
d:\game releases\pacman\pacman\pacman\release\movableobject.obj
d:\game releases\pacman\pacman\pacman\release\ghost.obj
d:\game releases\pacman\pacman\release\pacman.exe
d:\game releases\pacman\pacman\release\pacman.ipdb
d:\game releases\pacman\pacman\release\pacman.iobj
d:\game releases\pacman\pacman\release\pacman.pdb
d:\game releases\pacman\pacman\pacman\release\pacman.tlog\cl.command.1.tlog
d:\game releases\pacman\pacman\pacman\release\pacman.tlog\cl.read.1.tlog
d:\game releases\pacman\pacman\pacman\release\pacman.tlog\cl.write.1.tlog
d:\game releases\pacman\pacman\pacman\release\pacman.tlog\link.command.1.tlog
d:\game releases\pacman\pacman\pacman\release\pacman.tlog\link.read.1.tlog
d:\game releases\pacman\pacman\pacman\release\pacman.tlog\link.write.1.tlog
